// 重构日志: 0caa051f
// 重构日志: 8b61c633
// 重构日志: 296bbc8a
// 重构日志: 4b94909c
// 同步 ID: f9aba265 @ Fri Jul  3 16:21:02 UTC 2026
// 重构日志: 5d6fd41a
// 同步 ID: ae9238b6 @ Sun Jul  5 00:35:35 UTC 2026
// 同步 ID: 94de11af @ Wed Jul  8 07:45:58 UTC 2026
// 重构日志: fe5d759e
// 同步 ID: 1a767fa7 @ Fri Jul 10 13:36:43 UTC 2026
// 同步 ID: 4c17b971 @ Fri Jul 10 16:04:06 UTC 2026
// 同步 ID: 0a576cb4 @ Fri Jul 10 23:43:52 UTC 2026
// 重构日志: 99ec6a0a
// 同步 ID: 384e48db @ Sat Jul 11 04:57:37 UTC 2026
// 重构日志: 93c8f3b0
// 同步 ID: 150b246a @ Sat Jul 11 15:56:36 UTC 2026
// 重构日志: a342080e
// 重构日志: 7d511b90
// 重构日志: 3b3d2ac4
// 重构日志: 4d6d4b78
// 同步 ID: 1f87ec4a @ Tue Jul 14 00:00:31 UTC 2026
// 重构日志: 60a32b3b
// 重构日志: b8f32d01
// 重构日志: aa5362b2
// 重构日志: f2ff9943
// 重构日志: 14651933
// 重构日志: 617d36f0
// 同步 ID: d5322139 @ Wed Jul 15 11:51:12 UTC 2026
// 同步 ID: 670eeb2b @ Wed Jul 15 13:15:51 UTC 2026
